Running K-means with: numThreads=64, threadType=2
Reading data.dat...
Running K-means with: M=1000000, N=100, K=3, epsilon=0.100000
Step = 15625
--------------------------------
Iteration 0
--------------------------------
Iteration 1
--------------------------------
Iteration 2
--------------------------------
Iteration 3
--------------------------------
Iteration 4
--------------------------------
Iteration 5
--------------------------------
Iteration 6
--------------------------------
Iteration 7
--------------------------------
Iteration 8
--------------------------------
Iteration 9
--------------------------------
Iteration 10
--------------------------------
Iteration 11
--------------------------------
Iteration 12
--------------------------------
Iteration 13
--------------------------------
Iteration 14
--------------------------------
Iteration 15
--------------------------------
Iteration 16
--------------------------------
Iteration 17
--------------------------------
Iteration 18
--------------------------------
Iteration 19
--------------------------------
Iteration 20
--------------------------------
Iteration 21
--------------------------------
Iteration 22
--------------------------------
Iteration 23
[Total Time]: computeAssignments() 		 79.511 ms
[Total Time]: computeCentroids()   		 41.652 ms
[Total Time]: computeCost()        		 57.857 ms
Value computeAssignments() 79.5108 written to file successfully.
Value computeCentroids() 79.5108 written to file successfully.
Value computeCost() 79.5108 written to file successfully.
Value numThreads 64 written to file successfully.
Value threadType 2 written to file successfully.
Value total_time 179.02 written to file successfully.
[Total Time]: 4320.966 ms
