Running K-means with: numThreads=1, threadType=0
Reading data.dat...
Running K-means with: M=1000000, N=100, K=3, epsilon=0.100000
--------------------------------
Iteration 0
[Compute] thread = 0, m = 0, minDist = 5.889476
[Compute] thread = 0, m = 200000, minDist = 6.033053
[Compute] thread = 0, m = 400000, minDist = 6.151631
[Compute] thread = 0, m = 600000, minDist = 6.355895
[Compute] thread = 0, m = 800000, minDist = 6.634631
[Compute] thread = 1, m = 0, minDist = 5.875328
[Compute] thread = 1, m = 200000, minDist = 5.989471
[Compute] thread = 1, m = 400000, minDist = 6.126603
[Compute] thread = 1, m = 600000, minDist = 6.310504
[Compute] thread = 1, m = 800000, minDist = 6.658286
[Compute] thread = 2, m = 0, minDist = 5.901000
[Compute] thread = 2, m = 200000, minDist = 5.988931
[Compute] thread = 2, m = 400000, minDist = 6.162340
[Compute] thread = 2, m = 600000, minDist = 6.382805
[Compute] thread = 2, m = 800000, minDist = 6.694151
[Combine] clusterAssignment[0] = 1
[Combine] clusterAssignment[200000] = 2
[Combine] clusterAssignment[400000] = 1
[Combine] clusterAssignment[600000] = 1
[Combine] clusterAssignment[800000] = 0
--------------------------------
Iteration 1
[Compute] thread = 0, m = 0, minDist = 4.915989
[Compute] thread = 0, m = 200000, minDist = 5.500926
[Compute] thread = 0, m = 400000, minDist = 5.415807
[Compute] thread = 0, m = 600000, minDist = 5.643692
[Compute] thread = 0, m = 800000, minDist = 5.670740
[Compute] thread = 1, m = 0, minDist = 4.887221
[Compute] thread = 1, m = 200000, minDist = 5.188326
[Compute] thread = 1, m = 400000, minDist = 5.296714
[Compute] thread = 1, m = 600000, minDist = 5.332408
[Compute] thread = 1, m = 800000, minDist = 5.823526
[Compute] thread = 2, m = 0, minDist = 5.091170
[Compute] thread = 2, m = 200000, minDist = 5.106772
[Compute] thread = 2, m = 400000, minDist = 5.446724
[Compute] thread = 2, m = 600000, minDist = 5.585293
[Compute] thread = 2, m = 800000, minDist = 6.148138
[Combine] clusterAssignment[0] = 1
[Combine] clusterAssignment[200000] = 2
[Combine] clusterAssignment[400000] = 1
[Combine] clusterAssignment[600000] = 1
[Combine] clusterAssignment[800000] = 0
--------------------------------
Iteration 2
[Compute] thread = 0, m = 0, minDist = 4.849874
[Compute] thread = 0, m = 200000, minDist = 5.611978
[Compute] thread = 0, m = 400000, minDist = 5.438597
[Compute] thread = 0, m = 600000, minDist = 5.855093
[Compute] thread = 0, m = 800000, minDist = 5.640779
[Compute] thread = 1, m = 0, minDist = 5.055330
[Compute] thread = 1, m = 200000, minDist = 5.333855
[Compute] thread = 1, m = 400000, minDist = 5.461282
[Compute] thread = 1, m = 600000, minDist = 5.333553
[Compute] thread = 1, m = 800000, minDist = 5.884114
[Compute] thread = 2, m = 0, minDist = 5.295435
[Compute] thread = 2, m = 200000, minDist = 5.063292
[Compute] thread = 2, m = 400000, minDist = 5.501371
[Compute] thread = 2, m = 600000, minDist = 5.483769
[Compute] thread = 2, m = 800000, minDist = 6.339781
[Combine] clusterAssignment[0] = 0
[Combine] clusterAssignment[200000] = 2
[Combine] clusterAssignment[400000] = 0
[Combine] clusterAssignment[600000] = 1
[Combine] clusterAssignment[800000] = 0
--------------------------------
Iteration 3
[Compute] thread = 0, m = 0, minDist = 4.829164
[Compute] thread = 0, m = 200000, minDist = 5.567200
[Compute] thread = 0, m = 400000, minDist = 5.411476
[Compute] thread = 0, m = 600000, minDist = 5.852616
[Compute] thread = 0, m = 800000, minDist = 5.651641
[Compute] thread = 1, m = 0, minDist = 5.234347
[Compute] thread = 1, m = 200000, minDist = 5.555249
[Compute] thread = 1, m = 400000, minDist = 5.665899
[Compute] thread = 1, m = 600000, minDist = 5.476076
[Compute] thread = 1, m = 800000, minDist = 5.994872
[Compute] thread = 2, m = 0, minDist = 5.346951
[Compute] thread = 2, m = 200000, minDist = 5.018954
[Compute] thread = 2, m = 400000, minDist = 5.493214
[Compute] thread = 2, m = 600000, minDist = 5.433489
[Compute] thread = 2, m = 800000, minDist = 6.399800
[Combine] clusterAssignment[0] = 0
[Combine] clusterAssignment[200000] = 2
[Combine] clusterAssignment[400000] = 0
[Combine] clusterAssignment[600000] = 2
[Combine] clusterAssignment[800000] = 0
--------------------------------
Iteration 4
[Compute] thread = 0, m = 0, minDist = 4.834459
[Compute] thread = 0, m = 200000, minDist = 5.536804
[Compute] thread = 0, m = 400000, minDist = 5.389710
[Compute] thread = 0, m = 600000, minDist = 5.835336
[Compute] thread = 0, m = 800000, minDist = 5.647385
[Compute] thread = 1, m = 0, minDist = 5.293284
[Compute] thread = 1, m = 200000, minDist = 5.611049
[Compute] thread = 1, m = 400000, minDist = 5.732345
[Compute] thread = 1, m = 600000, minDist = 5.544805
[Compute] thread = 1, m = 800000, minDist = 6.060647
[Compute] thread = 2, m = 0, minDist = 5.367323
[Compute] thread = 2, m = 200000, minDist = 5.010075
[Compute] thread = 2, m = 400000, minDist = 5.512069
[Compute] thread = 2, m = 600000, minDist = 5.405463
[Compute] thread = 2, m = 800000, minDist = 6.451326
[Combine] clusterAssignment[0] = 0
[Combine] clusterAssignment[200000] = 2
[Combine] clusterAssignment[400000] = 0
[Combine] clusterAssignment[600000] = 2
[Combine] clusterAssignment[800000] = 0
--------------------------------
Iteration 5
[Compute] thread = 0, m = 0, minDist = 4.835029
[Compute] thread = 0, m = 200000, minDist = 5.523533
[Compute] thread = 0, m = 400000, minDist = 5.379182
[Compute] thread = 0, m = 600000, minDist = 5.828930
[Compute] thread = 0, m = 800000, minDist = 5.645965
[Compute] thread = 1, m = 0, minDist = 5.302276
[Compute] thread = 1, m = 200000, minDist = 5.622075
[Compute] thread = 1, m = 400000, minDist = 5.739789
[Compute] thread = 1, m = 600000, minDist = 5.576719
[Compute] thread = 1, m = 800000, minDist = 6.071316
[Compute] thread = 2, m = 0, minDist = 5.378933
[Compute] thread = 2, m = 200000, minDist = 5.018017
[Compute] thread = 2, m = 400000, minDist = 5.534443
[Compute] thread = 2, m = 600000, minDist = 5.392933
[Compute] thread = 2, m = 800000, minDist = 6.477705
[Combine] clusterAssignment[0] = 0
[Combine] clusterAssignment[200000] = 2
[Combine] clusterAssignment[400000] = 0
[Combine] clusterAssignment[600000] = 2
[Combine] clusterAssignment[800000] = 0
--------------------------------
Iteration 6
[Compute] thread = 0, m = 0, minDist = 4.834701
[Compute] thread = 0, m = 200000, minDist = 5.520500
[Compute] thread = 0, m = 400000, minDist = 5.375946
[Compute] thread = 0, m = 600000, minDist = 5.826501
[Compute] thread = 0, m = 800000, minDist = 5.644869
[Compute] thread = 1, m = 0, minDist = 5.301803
[Compute] thread = 1, m = 200000, minDist = 5.626232
[Compute] thread = 1, m = 400000, minDist = 5.740411
[Compute] thread = 1, m = 600000, minDist = 5.594162
[Compute] thread = 1, m = 800000, minDist = 6.069527
[Compute] thread = 2, m = 0, minDist = 5.379586
[Compute] thread = 2, m = 200000, minDist = 5.021735
[Compute] thread = 2, m = 400000, minDist = 5.540770
[Compute] thread = 2, m = 600000, minDist = 5.379298
[Compute] thread = 2, m = 800000, minDist = 6.481445
[Combine] clusterAssignment[0] = 0
[Combine] clusterAssignment[200000] = 2
[Combine] clusterAssignment[400000] = 0
[Combine] clusterAssignment[600000] = 2
[Combine] clusterAssignment[800000] = 0
--------------------------------
Iteration 7
[Compute] thread = 0, m = 0, minDist = 4.834830
[Compute] thread = 0, m = 200000, minDist = 5.520053
[Compute] thread = 0, m = 400000, minDist = 5.375183
[Compute] thread = 0, m = 600000, minDist = 5.825932
[Compute] thread = 0, m = 800000, minDist = 5.644725
[Compute] thread = 1, m = 0, minDist = 5.301749
[Compute] thread = 1, m = 200000, minDist = 5.629598
[Compute] thread = 1, m = 400000, minDist = 5.743318
[Compute] thread = 1, m = 600000, minDist = 5.608377
[Compute] thread = 1, m = 800000, minDist = 6.066699
[Compute] thread = 2, m = 0, minDist = 5.378390
[Compute] thread = 2, m = 200000, minDist = 5.025397
[Compute] thread = 2, m = 400000, minDist = 5.540650
[Compute] thread = 2, m = 600000, minDist = 5.364040
[Compute] thread = 2, m = 800000, minDist = 6.480671
[Combine] clusterAssignment[0] = 0
[Combine] clusterAssignment[200000] = 2
[Combine] clusterAssignment[400000] = 0
[Combine] clusterAssignment[600000] = 2
[Combine] clusterAssignment[800000] = 0
--------------------------------
Iteration 8
[Compute] thread = 0, m = 0, minDist = 4.834962
[Compute] thread = 0, m = 200000, minDist = 5.519986
[Compute] thread = 0, m = 400000, minDist = 5.374898
[Compute] thread = 0, m = 600000, minDist = 5.825601
[Compute] thread = 0, m = 800000, minDist = 5.644767
[Compute] thread = 1, m = 0, minDist = 5.302603
[Compute] thread = 1, m = 200000, minDist = 5.633812
[Compute] thread = 1, m = 400000, minDist = 5.747921
[Compute] thread = 1, m = 600000, minDist = 5.625449
[Compute] thread = 1, m = 800000, minDist = 6.063240
[Compute] thread = 2, m = 0, minDist = 5.376302
[Compute] thread = 2, m = 200000, minDist = 5.029794
[Compute] thread = 2, m = 400000, minDist = 5.538624
[Compute] thread = 2, m = 600000, minDist = 5.345741
[Compute] thread = 2, m = 800000, minDist = 6.479056
[Combine] clusterAssignment[0] = 0
[Combine] clusterAssignment[200000] = 2
[Combine] clusterAssignment[400000] = 0
[Combine] clusterAssignment[600000] = 2
[Combine] clusterAssignment[800000] = 0
--------------------------------
Iteration 9
[Compute] thread = 0, m = 0, minDist = 4.835038
[Compute] thread = 0, m = 200000, minDist = 5.520107
[Compute] thread = 0, m = 400000, minDist = 5.374900
[Compute] thread = 0, m = 600000, minDist = 5.825362
[Compute] thread = 0, m = 800000, minDist = 5.644806
[Compute] thread = 1, m = 0, minDist = 5.304160
[Compute] thread = 1, m = 200000, minDist = 5.639578
[Compute] thread = 1, m = 400000, minDist = 5.754586
[Compute] thread = 1, m = 600000, minDist = 5.649650
[Compute] thread = 1, m = 800000, minDist = 6.058898
[Compute] thread = 2, m = 0, minDist = 5.373385
[Compute] thread = 2, m = 200000, minDist = 5.036343
[Compute] thread = 2, m = 400000, minDist = 5.535303
[Compute] thread = 2, m = 600000, minDist = 5.321323
[Compute] thread = 2, m = 800000, minDist = 6.475963
[Combine] clusterAssignment[0] = 0
[Combine] clusterAssignment[200000] = 2
[Combine] clusterAssignment[400000] = 0
[Combine] clusterAssignment[600000] = 2
[Combine] clusterAssignment[800000] = 0
--------------------------------
Iteration 10
[Compute] thread = 0, m = 0, minDist = 4.835161
[Compute] thread = 0, m = 200000, minDist = 5.520181
[Compute] thread = 0, m = 400000, minDist = 5.374814
[Compute] thread = 0, m = 600000, minDist = 5.825119
[Compute] thread = 0, m = 800000, minDist = 5.644819
[Compute] thread = 1, m = 0, minDist = 5.307348
[Compute] thread = 1, m = 200000, minDist = 5.648684
[Compute] thread = 1, m = 400000, minDist = 5.765593
[Compute] thread = 1, m = 600000, minDist = 5.689696
[Compute] thread = 1, m = 800000, minDist = 6.052030
[Compute] thread = 2, m = 0, minDist = 5.369229
[Compute] thread = 2, m = 200000, minDist = 5.048111
[Compute] thread = 2, m = 400000, minDist = 5.531520
[Compute] thread = 2, m = 600000, minDist = 5.284884
[Compute] thread = 2, m = 800000, minDist = 6.471719
[Combine] clusterAssignment[0] = 0
[Combine] clusterAssignment[200000] = 2
[Combine] clusterAssignment[400000] = 0
[Combine] clusterAssignment[600000] = 2
[Combine] clusterAssignment[800000] = 0
--------------------------------
Iteration 11
[Compute] thread = 0, m = 0, minDist = 4.835326
[Compute] thread = 0, m = 200000, minDist = 5.520280
[Compute] thread = 0, m = 400000, minDist = 5.374875
[Compute] thread = 0, m = 600000, minDist = 5.824850
[Compute] thread = 0, m = 800000, minDist = 5.644782
[Compute] thread = 1, m = 0, minDist = 5.315858
[Compute] thread = 1, m = 200000, minDist = 5.667503
[Compute] thread = 1, m = 400000, minDist = 5.788763
[Compute] thread = 1, m = 600000, minDist = 5.771441
[Compute] thread = 1, m = 800000, minDist = 6.041118
[Compute] thread = 2, m = 0, minDist = 5.363625
[Compute] thread = 2, m = 200000, minDist = 5.071450
[Compute] thread = 2, m = 400000, minDist = 5.527130
[Compute] thread = 2, m = 600000, minDist = 5.223950
[Compute] thread = 2, m = 800000, minDist = 6.464376
[Combine] clusterAssignment[0] = 0
[Combine] clusterAssignment[200000] = 2
[Combine] clusterAssignment[400000] = 0
[Combine] clusterAssignment[600000] = 2
[Combine] clusterAssignment[800000] = 0
--------------------------------
Iteration 12
[Compute] thread = 0, m = 0, minDist = 4.835512
[Compute] thread = 0, m = 200000, minDist = 5.520453
[Compute] thread = 0, m = 400000, minDist = 5.375036
[Compute] thread = 0, m = 600000, minDist = 5.824845
[Compute] thread = 0, m = 800000, minDist = 5.644639
[Compute] thread = 1, m = 0, minDist = 5.344018
[Compute] thread = 1, m = 200000, minDist = 5.709440
[Compute] thread = 1, m = 400000, minDist = 5.844358
[Compute] thread = 1, m = 600000, minDist = 5.952371
[Compute] thread = 1, m = 800000, minDist = 6.029524
[Compute] thread = 2, m = 0, minDist = 5.358853
[Compute] thread = 2, m = 200000, minDist = 5.120820
[Compute] thread = 2, m = 400000, minDist = 5.527701
[Compute] thread = 2, m = 600000, minDist = 5.134025
[Compute] thread = 2, m = 800000, minDist = 6.452346
[Combine] clusterAssignment[0] = 0
[Combine] clusterAssignment[200000] = 2
[Combine] clusterAssignment[400000] = 0
[Combine] clusterAssignment[600000] = 2
[Combine] clusterAssignment[800000] = 0
--------------------------------
Iteration 13
[Compute] thread = 0, m = 0, minDist = 4.835465
[Compute] thread = 0, m = 200000, minDist = 5.520180
[Compute] thread = 0, m = 400000, minDist = 5.375161
[Compute] thread = 0, m = 600000, minDist = 5.825838
[Compute] thread = 0, m = 800000, minDist = 5.644306
[Compute] thread = 1, m = 0, minDist = 5.388463
[Compute] thread = 1, m = 200000, minDist = 5.757587
[Compute] thread = 1, m = 400000, minDist = 5.916431
[Compute] thread = 1, m = 600000, minDist = 6.156103
[Compute] thread = 1, m = 800000, minDist = 6.036746
[Compute] thread = 2, m = 0, minDist = 5.357150
[Compute] thread = 2, m = 200000, minDist = 5.170777
[Compute] thread = 2, m = 400000, minDist = 5.532642
[Compute] thread = 2, m = 600000, minDist = 5.075971
[Compute] thread = 2, m = 800000, minDist = 6.437247
[Combine] clusterAssignment[0] = 0
[Combine] clusterAssignment[200000] = 2
[Combine] clusterAssignment[400000] = 0
[Combine] clusterAssignment[600000] = 2
[Combine] clusterAssignment[800000] = 0
--------------------------------
Iteration 14
[Compute] thread = 0, m = 0, minDist = 4.834967
[Compute] thread = 0, m = 200000, minDist = 5.518760
[Compute] thread = 0, m = 400000, minDist = 5.375335
[Compute] thread = 0, m = 600000, minDist = 5.826019
[Compute] thread = 0, m = 800000, minDist = 5.644307
[Compute] thread = 1, m = 0, minDist = 5.396893
[Compute] thread = 1, m = 200000, minDist = 5.765092
[Compute] thread = 1, m = 400000, minDist = 5.931584
[Compute] thread = 1, m = 600000, minDist = 6.187587
[Compute] thread = 1, m = 800000, minDist = 6.040285
[Compute] thread = 2, m = 0, minDist = 5.356502
[Compute] thread = 2, m = 200000, minDist = 5.179784
[Compute] thread = 2, m = 400000, minDist = 5.530870
[Compute] thread = 2, m = 600000, minDist = 5.070553
[Compute] thread = 2, m = 800000, minDist = 6.432704
[Combine] clusterAssignment[0] = 0
[Combine] clusterAssignment[200000] = 2
[Combine] clusterAssignment[400000] = 0
[Combine] clusterAssignment[600000] = 2
[Combine] clusterAssignment[800000] = 0
--------------------------------
Iteration 15
[Compute] thread = 0, m = 0, minDist = 4.834693
[Compute] thread = 0, m = 200000, minDist = 5.518431
[Compute] thread = 0, m = 400000, minDist = 5.375713
[Compute] thread = 0, m = 600000, minDist = 5.826189
[Compute] thread = 0, m = 800000, minDist = 5.644263
[Compute] thread = 1, m = 0, minDist = 5.397730
[Compute] thread = 1, m = 200000, minDist = 5.765874
[Compute] thread = 1, m = 400000, minDist = 5.933246
[Compute] thread = 1, m = 600000, minDist = 6.189448
[Compute] thread = 1, m = 800000, minDist = 6.040723
[Compute] thread = 2, m = 0, minDist = 5.356544
[Compute] thread = 2, m = 200000, minDist = 5.180679
[Compute] thread = 2, m = 400000, minDist = 5.529802
[Compute] thread = 2, m = 600000, minDist = 5.070499
[Compute] thread = 2, m = 800000, minDist = 6.432094
[Combine] clusterAssignment[0] = 0
[Combine] clusterAssignment[200000] = 2
[Combine] clusterAssignment[400000] = 0
[Combine] clusterAssignment[600000] = 2
[Combine] clusterAssignment[800000] = 0
--------------------------------
Iteration 16
[Compute] thread = 0, m = 0, minDist = 4.834612
[Compute] thread = 0, m = 200000, minDist = 5.518406
[Compute] thread = 0, m = 400000, minDist = 5.375920
[Compute] thread = 0, m = 600000, minDist = 5.826279
[Compute] thread = 0, m = 800000, minDist = 5.644268
[Compute] thread = 1, m = 0, minDist = 5.397885
[Compute] thread = 1, m = 200000, minDist = 5.765994
[Compute] thread = 1, m = 400000, minDist = 5.933524
[Compute] thread = 1, m = 600000, minDist = 6.189691
[Compute] thread = 1, m = 800000, minDist = 6.040733
[Compute] thread = 2, m = 0, minDist = 5.356519
[Compute] thread = 2, m = 200000, minDist = 5.180833
[Compute] thread = 2, m = 400000, minDist = 5.529377
[Compute] thread = 2, m = 600000, minDist = 5.070550
[Compute] thread = 2, m = 800000, minDist = 6.431906
[Combine] clusterAssignment[0] = 0
[Combine] clusterAssignment[200000] = 2
[Combine] clusterAssignment[400000] = 0
[Combine] clusterAssignment[600000] = 2
[Combine] clusterAssignment[800000] = 0
--------------------------------
Iteration 17
[Compute] thread = 0, m = 0, minDist = 4.834582
[Compute] thread = 0, m = 200000, minDist = 5.518428
[Compute] thread = 0, m = 400000, minDist = 5.376008
[Compute] thread = 0, m = 600000, minDist = 5.826310
[Compute] thread = 0, m = 800000, minDist = 5.644253
[Compute] thread = 1, m = 0, minDist = 5.397923
[Compute] thread = 1, m = 200000, minDist = 5.766026
[Compute] thread = 1, m = 400000, minDist = 5.933548
[Compute] thread = 1, m = 600000, minDist = 6.189754
[Compute] thread = 1, m = 800000, minDist = 6.040750
[Compute] thread = 2, m = 0, minDist = 5.356514
[Compute] thread = 2, m = 200000, minDist = 5.180833
[Compute] thread = 2, m = 400000, minDist = 5.529242
[Compute] thread = 2, m = 600000, minDist = 5.070569
[Compute] thread = 2, m = 800000, minDist = 6.431852
[Combine] clusterAssignment[0] = 0
[Combine] clusterAssignment[200000] = 2
[Combine] clusterAssignment[400000] = 0
[Combine] clusterAssignment[600000] = 2
[Combine] clusterAssignment[800000] = 0
--------------------------------
Iteration 18
[Compute] thread = 0, m = 0, minDist = 4.834579
[Compute] thread = 0, m = 200000, minDist = 5.518438
[Compute] thread = 0, m = 400000, minDist = 5.376039
[Compute] thread = 0, m = 600000, minDist = 5.826322
[Compute] thread = 0, m = 800000, minDist = 5.644244
[Compute] thread = 1, m = 0, minDist = 5.397937
[Compute] thread = 1, m = 200000, minDist = 5.766033
[Compute] thread = 1, m = 400000, minDist = 5.933549
[Compute] thread = 1, m = 600000, minDist = 6.189758
[Compute] thread = 1, m = 800000, minDist = 6.040761
[Compute] thread = 2, m = 0, minDist = 5.356498
[Compute] thread = 2, m = 200000, minDist = 5.180828
[Compute] thread = 2, m = 400000, minDist = 5.529194
[Compute] thread = 2, m = 600000, minDist = 5.070581
[Compute] thread = 2, m = 800000, minDist = 6.431833
[Combine] clusterAssignment[0] = 0
[Combine] clusterAssignment[200000] = 2
[Combine] clusterAssignment[400000] = 0
[Combine] clusterAssignment[600000] = 2
[Combine] clusterAssignment[800000] = 0
--------------------------------
Iteration 19
[Compute] thread = 0, m = 0, minDist = 4.834571
[Compute] thread = 0, m = 200000, minDist = 5.518443
[Compute] thread = 0, m = 400000, minDist = 5.376052
[Compute] thread = 0, m = 600000, minDist = 5.826329
[Compute] thread = 0, m = 800000, minDist = 5.644238
[Compute] thread = 1, m = 0, minDist = 5.397942
[Compute] thread = 1, m = 200000, minDist = 5.766040
[Compute] thread = 1, m = 400000, minDist = 5.933563
[Compute] thread = 1, m = 600000, minDist = 6.189766
[Compute] thread = 1, m = 800000, minDist = 6.040767
[Compute] thread = 2, m = 0, minDist = 5.356496
[Compute] thread = 2, m = 200000, minDist = 5.180826
[Compute] thread = 2, m = 400000, minDist = 5.529164
[Compute] thread = 2, m = 600000, minDist = 5.070585
[Compute] thread = 2, m = 800000, minDist = 6.431822
[Combine] clusterAssignment[0] = 0
[Combine] clusterAssignment[200000] = 2
[Combine] clusterAssignment[400000] = 0
[Combine] clusterAssignment[600000] = 2
[Combine] clusterAssignment[800000] = 0
--------------------------------
Iteration 20
[Compute] thread = 0, m = 0, minDist = 4.834565
[Compute] thread = 0, m = 200000, minDist = 5.518448
[Compute] thread = 0, m = 400000, minDist = 5.376063
[Compute] thread = 0, m = 600000, minDist = 5.826335
[Compute] thread = 0, m = 800000, minDist = 5.644235
[Compute] thread = 1, m = 0, minDist = 5.397949
[Compute] thread = 1, m = 200000, minDist = 5.766044
[Compute] thread = 1, m = 400000, minDist = 5.933564
[Compute] thread = 1, m = 600000, minDist = 6.189768
[Compute] thread = 1, m = 800000, minDist = 6.040766
[Compute] thread = 2, m = 0, minDist = 5.356492
[Compute] thread = 2, m = 200000, minDist = 5.180822
[Compute] thread = 2, m = 400000, minDist = 5.529146
[Compute] thread = 2, m = 600000, minDist = 5.070590
[Compute] thread = 2, m = 800000, minDist = 6.431813
[Combine] clusterAssignment[0] = 0
[Combine] clusterAssignment[200000] = 2
[Combine] clusterAssignment[400000] = 0
[Combine] clusterAssignment[600000] = 2
[Combine] clusterAssignment[800000] = 0
--------------------------------
Iteration 21
[Compute] thread = 0, m = 0, minDist = 4.834565
[Compute] thread = 0, m = 200000, minDist = 5.518449
[Compute] thread = 0, m = 400000, minDist = 5.376066
[Compute] thread = 0, m = 600000, minDist = 5.826338
[Compute] thread = 0, m = 800000, minDist = 5.644237
[Compute] thread = 1, m = 0, minDist = 5.397949
[Compute] thread = 1, m = 200000, minDist = 5.766047
[Compute] thread = 1, m = 400000, minDist = 5.933566
[Compute] thread = 1, m = 600000, minDist = 6.189772
[Compute] thread = 1, m = 800000, minDist = 6.040766
[Compute] thread = 2, m = 0, minDist = 5.356489
[Compute] thread = 2, m = 200000, minDist = 5.180823
[Compute] thread = 2, m = 400000, minDist = 5.529138
[Compute] thread = 2, m = 600000, minDist = 5.070590
[Compute] thread = 2, m = 800000, minDist = 6.431804
[Combine] clusterAssignment[0] = 0
[Combine] clusterAssignment[200000] = 2
[Combine] clusterAssignment[400000] = 0
[Combine] clusterAssignment[600000] = 2
[Combine] clusterAssignment[800000] = 0
--------------------------------
Iteration 22
[Compute] thread = 0, m = 0, minDist = 4.834563
[Compute] thread = 0, m = 200000, minDist = 5.518445
[Compute] thread = 0, m = 400000, minDist = 5.376068
[Compute] thread = 0, m = 600000, minDist = 5.826338
[Compute] thread = 0, m = 800000, minDist = 5.644238
[Compute] thread = 1, m = 0, minDist = 5.397955
[Compute] thread = 1, m = 200000, minDist = 5.766056
[Compute] thread = 1, m = 400000, minDist = 5.933573
[Compute] thread = 1, m = 600000, minDist = 6.189777
[Compute] thread = 1, m = 800000, minDist = 6.040768
[Compute] thread = 2, m = 0, minDist = 5.356487
[Compute] thread = 2, m = 200000, minDist = 5.180825
[Compute] thread = 2, m = 400000, minDist = 5.529132
[Compute] thread = 2, m = 600000, minDist = 5.070592
[Compute] thread = 2, m = 800000, minDist = 6.431800
[Combine] clusterAssignment[0] = 0
[Combine] clusterAssignment[200000] = 2
[Combine] clusterAssignment[400000] = 0
[Combine] clusterAssignment[600000] = 2
[Combine] clusterAssignment[800000] = 0
--------------------------------
Iteration 23
[Compute] thread = 0, m = 0, minDist = 4.834562
[Compute] thread = 0, m = 200000, minDist = 5.518446
[Compute] thread = 0, m = 400000, minDist = 5.376070
[Compute] thread = 0, m = 600000, minDist = 5.826340
[Compute] thread = 0, m = 800000, minDist = 5.644237
[Compute] thread = 1, m = 0, minDist = 5.397955
[Compute] thread = 1, m = 200000, minDist = 5.766056
[Compute] thread = 1, m = 400000, minDist = 5.933573
[Compute] thread = 1, m = 600000, minDist = 6.189777
[Compute] thread = 1, m = 800000, minDist = 6.040768
[Compute] thread = 2, m = 0, minDist = 5.356485
[Compute] thread = 2, m = 200000, minDist = 5.180825
[Compute] thread = 2, m = 400000, minDist = 5.529128
[Compute] thread = 2, m = 600000, minDist = 5.070593
[Compute] thread = 2, m = 800000, minDist = 6.431796
[Combine] clusterAssignment[0] = 0
[Combine] clusterAssignment[200000] = 2
[Combine] clusterAssignment[400000] = 0
[Combine] clusterAssignment[600000] = 2
[Combine] clusterAssignment[800000] = 0
[Total Time]: computeAssignments() 		 199.906 ms
[Total Time]: computeCentroids()   		 44.659 ms
[Total Time]: computeCost()        		 62.772 ms
Value numThreads 1 written to file successfully.
Value computeAssignments() 199.906 written to file successfully.
Value computeCentroids() 199.906 written to file successfully.
Value computeCost() 199.906 written to file successfully.
Value Total Time 307.337 written to file successfully.
[Total Time]: 7399.008 ms
