numThreads 1
computeAssignments() 197.013
computeCentroids() 197.013
computeCost() 197.013
computeAssignments.initTime() 197.013
computeAssignments.assignTime() 197.013
Total Time 306.376
numThreads 3
computeAssignments() 256.326
computeCentroids() 256.326
computeCost() 256.326
computeAssignments.initTime() 256.326
computeAssignments.assignTime() 256.326
Total Time 360.577
numThreads 3
computeAssignments() 261.35
computeCentroids() 261.35
computeCost() 261.35
computeAssignments.initTime() 261.35
computeAssignments.assignTime() 261.35
Total Time 362.387
numThreads 1
computeAssignments() 204.835
computeCentroids() 204.835
computeCost() 204.835
computeAssignments.initTime() 204.835
computeAssignments.assignTime() 204.835
Total Time 316.466
numThreads 3
computeAssignments() 83.7153
computeCentroids() 83.7153
computeCost() 83.7153
computeAssignments.initTime() 83.7153
computeAssignments.assignTime() 83.7153
Total Time 179.963
numThreads 3
computeAssignments() 97.9314
computeCentroids() 97.9314
computeCost() 97.9314
computeAssignments.initTime() 97.9314
computeAssignments.assignTime() 97.9314
Total Time 201.334
numThreads 3
computeAssignments() 95.1067
computeCentroids() 95.1067
computeCost() 95.1067
computeAssignments.initTime() 95.1067
computeAssignments.assignTime() 95.1067
Total Time 186.135
numThreads 3
computeAssignments() 1295.66
computeCentroids() 1295.66
computeCost() 1295.66
computeAssignments.initTime() 1295.66
computeAssignments.assignTime() 1295.66
Total Time 1468.95
numThreads 3
computeAssignments() 1896.82
computeCentroids() 1896.82
computeCost() 1896.82
computeAssignments.initTime() 1896.82
computeAssignments.assignTime() 1896.82
Total Time 2051.13
numThreads 3
computeAssignments() 94.9872
computeCentroids() 94.9872
computeCost() 94.9872
computeAssignments.initTime() 94.9872
computeAssignments.assignTime() 94.9872
Total Time 198.811
numThreads 1
computeAssignments() 190.047
computeCentroids() 190.047
computeCost() 190.047
computeAssignments.initTime() 190.047
computeAssignments.assignTime() 190.047
Total Time 290.055
numThreads 3
computeAssignments() 94.2456
computeCentroids() 94.2456
computeCost() 94.2456
Total Time 202.07
numThreads 3
computeAssignments() 133.524
computeCentroids() 133.524
computeCost() 133.524
Total Time 250.045
numThreads 3
computeAssignments() 105.383
computeCentroids() 105.383
computeCost() 105.383
Total Time 210.761
numThreads 3
computeAssignments() 115.546
computeCentroids() 115.546
computeCost() 115.546
Total Time 229.275
numThreads 3
computeAssignments() 99.6422
computeCentroids() 99.6422
computeCost() 99.6422
Total Time 220.962
numThreads 1
computeAssignments() 210.348
computeCentroids() 210.348
computeCost() 210.348
Total Time 330.787
numThreads 3
computeAssignments() 111.244
computeCentroids() 111.244
computeCost() 111.244
Total Time 222.345
numThreads 1
computeAssignments() 199.906
computeCentroids() 199.906
computeCost() 199.906
Total Time 307.337
numThreads 3
computeAssignments() 95.8463
computeCentroids() 95.8463
computeCost() 95.8463
Total Time 200.747
numThreads 3
computeAssignments() 100.201
computeCentroids() 100.201
computeCost() 100.201
Total Time 212.027
numThreads 3
computeAssignments() 97.3974
computeCentroids() 97.3974
computeCost() 97.3974
Total Time 203.266
numThreads 3
computeAssignments() 99.2288
computeCentroids() 99.2288
computeCost() 99.2288
Total Time 196.705
numThreads 1
computeAssignments() 199.051
computeCentroids() 199.051
computeCost() 199.051
Total Time 300.172
numThreads 10
computeAssignments() 78.321
computeCentroids() 78.321
computeCost() 78.321
Total Time 171.656
numThreads 10
computeAssignments() 84.9885
computeCentroids() 84.9885
computeCost() 84.9885
Total Time 194.434
computeAssignments() 82.1483
computeCentroids() 82.1483
computeCost() 82.1483
numThreads 20
threadType 2
total_time 187.699
computeAssignments() 197.417
computeCentroids() 197.417
computeCost() 197.417
numThreads 1
threadType 0
total_time 295.339
computeAssignments() 86.3258
computeCentroids() 86.3258
computeCost() 86.3258
numThreads 30
threadType 2
total_time 184.892
computeAssignments() 81.1132
computeCentroids() 81.1132
computeCost() 81.1132
numThreads 30
threadType 2
total_time 185.182
computeAssignments() 79.5108
computeCentroids() 79.5108
computeCost() 79.5108
numThreads 64
threadType 2
total_time 179.02
computeAssignments() 196.33
computeCentroids() 196.33
computeCost() 196.33
numThreads 1
threadType 1
total_time 297.671
computeAssignments() 93.6963
computeCentroids() 93.6963
computeCost() 93.6963
numThreads 3
threadType 1
total_time 193.791
computeAssignments() 204.216
computeCentroids() 204.216
computeCost() 204.216
numThreads 1
threadType 1
total_time 312.128
computeAssignments() 108.012
computeCentroids() 108.012
computeCost() 108.012
numThreads 3
threadType 1
total_time 221.563
computeAssignments() 184.007
computeCentroids() 184.007
computeCost() 184.007
numThreads 1
threadType 1
total_time 278.454
computeAssignments() 91.3724
computeCentroids() 91.3724
computeCost() 91.3724
numThreads 3
threadType 1
total_time 184.307
computeAssignments() 187.303
computeCentroids() 187.303
computeCost() 187.303
numThreads 1
threadType 1
total_time 282.04
computeAssignments() 94.382
computeCentroids() 94.382
computeCost() 94.382
numThreads 3
threadType 1
total_time 186.821
computeAssignments() 190.681
computeCentroids() 190.681
computeCost() 190.681
numThreads 1
threadType 1
total_time 288.517
computeAssignments() 96.307
computeCentroids() 96.307
computeCost() 96.307
numThreads 3
threadType 1
total_time 198.036
computeAssignments() 201.308
computeCentroids() 201.308
computeCost() 201.308
numThreads 1
threadType 0
total_time 305.072
computeAssignments() 194.389
computeCentroids() 194.389
computeCost() 194.389
numThreads 1
threadType 0
total_time 302.614
computeAssignments() 198.024
computeCentroids() 198.024
computeCost() 198.024
numThreads 1
threadType 1
total_time 303.538
computeAssignments() 106.634
computeCentroids() 106.634
computeCost() 106.634
numThreads 3
threadType 1
total_time 211.864
computeAssignments() 173.163
computeCentroids() 173.163
computeCost() 173.163
numThreads 1
threadType 1
total_time 263.701
computeAssignments() 93.2371
computeCentroids() 93.2371
computeCost() 93.2371
numThreads 3
threadType 1
total_time 188.22
computeAssignments() 193.927
computeCentroids() 193.927
computeCost() 193.927
numThreads 1
threadType 1
total_time 293.415
computeAssignments() 90.9583
computeCentroids() 90.9583
computeCost() 90.9583
numThreads 3
threadType 1
total_time 190.4
computeAssignments() 195.393
computeCentroids() 195.393
computeCost() 195.393
numThreads 1
threadType 1
total_time 295.261
computeAssignments() 96.19
computeCentroids() 96.19
computeCost() 96.19
numThreads 3
threadType 1
total_time 194.193
computeAssignments() 191.827
computeCentroids() 191.827
computeCost() 191.827
numThreads 1
threadType 1
total_time 288.042
computeAssignments() 95.7728
computeCentroids() 95.7728
computeCost() 95.7728
numThreads 3
threadType 1
total_time 195.319
computeAssignments() 193.062
computeCentroids() 193.062
computeCost() 193.062
numThreads 1
threadType 1
total_time 290.174
computeAssignments() 98.9158
computeCentroids() 98.9158
computeCost() 98.9158
numThreads 3
threadType 1
total_time 197.28
computeAssignments() 201.46
computeCentroids() 201.46
computeCost() 201.46
numThreads 1
threadType 1
total_time 302.858
computeAssignments() 99.4483
computeCentroids() 99.4483
computeCost() 99.4483
numThreads 3
threadType 1
total_time 206.829
computeAssignments() 101.289
computeCentroids() 101.289
computeCost() 101.289
numThreads 3
threadType 1
total_time 203.87
computeAssignments() 95.5701
computeCentroids() 95.5701
computeCost() 95.5701
numThreads 3
threadType 1
total_time 195.62
computeAssignments() 197.263
computeCentroids() 197.263
computeCost() 197.263
numThreads 1
threadType 2
total_time 296.93
computeAssignments() 207.005
computeCentroids() 207.005
computeCost() 207.005
numThreads 1
threadType 2
total_time 310.231
computeAssignments() 189.562
computeCentroids() 189.562
computeCost() 189.562
numThreads 1
threadType 0
total_time 283.422
computeAssignments() 206.05
computeCentroids() 206.05
computeCost() 206.05
numThreads 1
threadType 2
total_time 314.255
computeAssignments() 105.378
computeCentroids() 105.378
computeCost() 105.378
numThreads 3
threadType 3
total_time 207.992
computeAssignments() 75.7647
computeCentroids() 75.7647
computeCost() 75.7647
numThreads 15
threadType 3
total_time 170.525
computeAssignments() 203.453
computeCentroids() 203.453
computeCost() 203.453
numThreads 15
threadType 3
total_time 302.378
computeAssignments() 75.5766
computeCentroids() 75.5766
computeCost() 75.5766
numThreads 15
threadType 3
total_time 174.218
computeAssignments() 191.923
computeCentroids() 191.923
computeCost() 191.923
numThreads 15
threadType 3
total_time 287.17
computeAssignments() 73.3986
computeCentroids() 73.3986
computeCost() 73.3986
numThreads 15
threadType 3
total_time 163.644
computeAssignments() 197.294
computeCentroids() 197.294
computeCost() 197.294
numThreads 18
threadType 3
total_time 294.31
computeAssignments() 74.0359
computeCentroids() 74.0359
computeCost() 74.0359
numThreads 18
threadType 3
total_time 164.321
computeAssignments() 198.278
computeCentroids() 198.278
computeCost() 198.278
numThreads 30
threadType 3
total_time 299.229
computeAssignments() 74.0802
computeCentroids() 74.0802
computeCost() 74.0802
numThreads 30
threadType 3
total_time 171.177
computeAssignments() 212.978
computeCentroids() 212.978
computeCost() 212.978
numThreads 60
threadType 3
total_time 321.755
computeAssignments() 90.5043
computeCentroids() 90.5043
computeCost() 90.5043
numThreads 60
threadType 3
total_time 196.733
computeAssignments() 210.608
computeCentroids() 210.608
computeCost() 210.608
numThreads 12
threadType 3
total_time 322.465
computeAssignments() 83.643
computeCentroids() 83.643
computeCost() 83.643
numThreads 12
threadType 3
total_time 187.825
